make all --print-data-base --no-builtin-variables --no-builtin-rules --question
make: *** No rule to make target 'all'.  Stop.

# GNU Make 4.2.1
 
# Built for x86_64-pc-linux-gnu
 
# Copyright (C) 1988-2016 Free Software Foundation, Inc.
 
# License GPLv3+: GNU GPL version 3 or later <http://gnu.org/licenses/gpl.html>
 
# This is free software: you are free to change and redistribute it.
 
# There is NO WARRANTY, to the extent permitted by law.
 

# Make data base, printed on Sat Jun 18 14:06:00 2022

# Variables

# 'override' directive
GNUMAKEFLAGS := 
# automatic
<D = $(patsubst %/,%,$(dir $<))
# automatic
?F = $(notdir $?)
# environment
DESKTOP_SESSION = ubuntu
# default
.SHELLFLAGS := -c
# environment
XDG_SESSION_CLASS = user
# environment
 
XDG_SESSION_TYPE = x11
# environment
VSCODE_LOG_NATIVE = false
# automatic
?D = $(patsubst %/,%,$(dir $?))
# environment
IM_CONFIG_PHASE = 1
# automatic
@D = $(patsubst %/,%,$(dir $@))
# environment
XAUTHORITY = /run/user/1001/gdm/Xauthority
# environment
GDMSESSION = ubuntu
# environment
XMODIFIERS = @im=ibus
# makefile
CURDIR := /home/bruno.lopes/Armazem/GIT/Pessoal/cesar-live-192
# makefile
SHELL = /bin/sh
# environment
VSCODE_NLS_CONFIG = {"locale":"pt-br","availableLanguages":{"*":"pt-br"},"_languagePackId":"195456cb6bc5e7dd989215cd334fb359.pt-br","_translationsConfigFile":"/home/bruno.lopes/.config/Code/clp/195456cb6bc5e7dd989215cd334fb359.pt-br/tcf.json","_cacheRoot":"/home/bruno.lopes/.config/Code/clp/195456cb6bc5e7dd989215cd334fb359.pt-br","_resolvedLanguagePackCoreLocation":"/home/bruno.lopes/.config/Code/clp/195456cb6bc5e7dd989215cd334fb359.pt-br/30d9c6cd9483b2cc586687151bcbcd635f373630","_corruptedFile":"/home/bruno.lopes/.config/Code/clp/195456cb6bc5e7dd989215cd334fb359.pt-br/corrupted.info","_languagePackSupport":true}
# environment
_ = /usr/share/code/code
# environment
JOURNAL_STREAM = 8:123364
# environment
XDG_CONFIG_DIRS = /etc/xdg/xdg-ubuntu:/etc/xdg
# makefile (from 'Makefile', line 1)
MAKEFILE_LIST :=  Makefile
# automatic
@F = $(notdir $@)
# environment
GIO_LAUNCHED_DESKTOP_FILE = /usr/share/applications/code.desktop
# environment
USERNAME = bruno.lopes
# environment
MANDATORY_PATH = /usr/share/gconf/ubuntu.mandatory.path
# environment
XDG_DATA_DIRS = /usr/share/ubuntu:/usr/local/share/:/usr/share/:/var/lib/snapd/desktop
# environment
DBUS_SESSION_BUS_ADDRESS = unix:path=/run/user/1001/bus
# environment
VSCODE_VERBOSE_LOGGING = true
# environment
MANAGERPID = 3576
# environment
VSCODE_IPC_HOOK_EXTHOST = /run/user/1001/vscode-ipc-1b9c909b-011c-45c1-8e82-237bb648083f.sock
# environment
VSCODE_CWD = /home/bruno.lopes
# default
MAKE_HOST := x86_64-pc-linux-gnu
# environment
PATH = /home/bruno.lopes/.pyenv/shims:/home/bruno.lopes/.poetry/bin:/home/bruno.lopes/.pyenv/bin:/home/bruno.lopes/.poetry/bin:/home/bruno.lopes/.local/bin:/home/bruno.lopes/bin:/usr/local/sbin:/usr/local/bin:/usr/sbin:/usr/bin:/sbin:/bin:/usr/games:/usr/local/games:/snap/bin
# environment
GPG_AGENT_INFO = /run/user/1001/gnupg/S.gpg-agent:0:1
# environment
LSCOLORS = Gxfxcxdxbxegedabagacad
# environment
SESSION_MANAGER = local/pc1705:@/tmp/.ICE-unix/3921,unix/pc1705:/tmp/.ICE-unix/3921
# environment
XDG_RUNTIME_DIR = /run/user/1001
# environment
SPACESHIP_VERSION = 3.16.7
# environment
XDG_MENU_PREFIX = gnome-
# environment
VSCODE_LOG_STACK = false
# environment
ELECTRON_RUN_AS_NODE = 1
# environment
PYENV_ROOT = /home/bruno.lopes/.pyenv
# environment
INVOCATION_ID = f6e3cb99dcba459fa3d0c1961c6289d0
# default
.FEATURES := target-specific order-only second-expansion else-if shortest-stem undefine oneshell archives jobserver output-sync check-symlink load
# environment
LS_COLORS = 
# environment
XDG_SESSION_DESKTOP = ubuntu
# environment
SSH_AUTH_SOCK = /run/user/1001/keyring/ssh
# environment
GIO_LAUNCHED_DESKTOP_FILE_PID = 25254
# automatic
%F = $(notdir $%)
# environment
DISPLAY = :0
# environment
VSCODE_PIPE_LOGGING = true
# environment
PWD = /home/bruno.lopes/Armazem/GIT/Pessoal/cesar-live-192
# default
.LOADED := 
# environment
SSH_AGENT_PID = 3867
# environment
ORIGINAL_XDG_CURRENT_DESKTOP = ubuntu:GNOME
# environment
GTK_MODULES = gail:atk-bridge
# environment
VSCODE_AMD_ENTRYPOINT = vs/workbench/api/node/extensionHostProcess
# environment
PYENV_SHELL = zsh
# environment
HOME = /home/bruno.lopes
# environment
VSCODE_CODE_CACHE_PATH = /home/bruno.lopes/.config/Code/CachedData/30d9c6cd9483b2cc586687151bcbcd635f373630
# environment
LOGNAME = bruno.lopes
# environment
APPLICATION_INSIGHTS_NO_DIAGNOSTIC_CHANNEL = 1
# environment
ZSH = /home/bruno.lopes/.oh-my-zsh
# environment
VSCODE_HANDLES_UNCAUGHT_ERRORS = true
# environment
GNOME_DESKTOP_SESSION_ID = this-is-deprecated
# automatic
^D = $(patsubst %/,%,$(dir $^))
# environment
MAKELEVEL := 0
# default
MAKE = $(MAKE_COMMAND)
# default
MAKECMDGOALS := all
# environment
QT_IM_MODULE = ibus
# environment
SHLVL = 0
# environment
GNOME_SHELL_SESSION_MODE = ubuntu
# default
MAKE_VERSION := 4.2.1
# environment
USER = bruno.lopes
# makefile
.DEFAULT_GOAL := install
# environment
XDG_CURRENT_DESKTOP = Unity
# environment
LESS = -R
# automatic
%D = $(patsubst %/,%,$(dir $%))
# default
MAKE_COMMAND := make
# environment
OLDPWD = /home/bruno.lopes
# default
.VARIABLES := 
# automatic
*F = $(notdir $*)
# environment
LANGUAGE = pt_BR:pt:en
# environment
VSCODE_IPC_HOOK = /run/user/1001/vscode-5069e139-1.68.1-main.sock
# makefile
MAKEFLAGS = pqrR
# environment
MFLAGS = -pqrR
# automatic
*D = $(patsubst %/,%,$(dir $*))
# automatic
+D = $(patsubst %/,%,$(dir $+))
# environment
GDK_BACKEND = x11
# automatic
+F = $(notdir $+)
# environment
QT_ACCESSIBILITY = 1
# environment
DEFAULTS_PATH = /usr/share/gconf/ubuntu.default.path
# default
MAKEFILES := 
# automatic
<F = $(notdir $<)
# environment
PAGER = less
# environment
LC_ALL = C
# environment
GJS_DEBUG_TOPICS = JS ERROR;JS LOG
# environment
SPACESHIP_ROOT = /home/bruno.lopes/.oh-my-zsh/custom/themes/spaceship-prompt
# automatic
^F = $(notdir $^)
# default
SUFFIXES := 
# environment
CHROME_DESKTOP = code-url-handler.desktop
# environment
WINDOWPATH = 2
# default
.INCLUDE_DIRS = /usr/include /usr/local/include /usr/include
# environment
GJS_DEBUG_OUTPUT = stderr
# default
.RECIPEPREFIX := 
# environment
LANG = C
# environment
VSCODE_PID = 25254
# variable set hash-table stats:
# Load=107/1024=10%, Rehash=0, Collisions=12/132=9%

# Pattern-specific Variable Values

# No pattern-specific variable values.

# Directories

# . (device 66306, inode 13558161): 20 files, no impossibilities.

# 20 files, no impossibilities in 1 directories.

# Implicit Rules

# No implicit rules.

# Files

# Not a target:
all:
#  Command line target.
#  Implicit rule search has been done.
#  File does not exist.
#  File has not been updated.

.PHONY: install format lint test sec
#  Implicit rule search has not been done.
#  Modification time never checked.
#  File has not been updated.

format:
#  Phony target (prerequisite of .PHONY).
#  Implicit rule search has not been done.
#  File does not exist.
#  File has not been updated.
#  recipe to execute (from 'Makefile', line 6):
		@isort .
		@blue .

# Not a target:
Makefile:
#  Implicit rule search has been done.
#  Last modified 2022-06-15 22:53:14.941311059
#  File has been updated.
#  Successfully updated.

test:
#  Phony target (prerequisite of .PHONY).
#  Implicit rule search has not been done.
#  File does not exist.
#  File has not been updated.
#  recipe to execute (from 'Makefile', line 13):
		@pytest -v

sec:
#  Phony target (prerequisite of .PHONY).
#  Implicit rule search has not been done.
#  File does not exist.
#  File has not been updated.
#  recipe to execute (from 'Makefile', line 15):
		@pip-audit 

# Not a target:
.DEFAULT:
#  Implicit rule search has not been done.
#  Modification time never checked.
#  File has not been updated.

lint:
#  Phony target (prerequisite of .PHONY).
#  Implicit rule search has not been done.
#  File does not exist.
#  File has not been updated.
#  recipe to execute (from 'Makefile', line 9):
		@blue . --check
		@isort . --check
		@prospector --with-tool pydocstyle --doc-warning

install:
#  Phony target (prerequisite of .PHONY).
#  Implicit rule search has not been done.
#  File does not exist.
#  File has not been updated.
#  recipe to execute (from 'Makefile', line 4):
		@poetry install

# files hash-table stats:
# Load=10/1024=1%, Rehash=0, Collisions=0/30=0%
# VPATH Search Paths

# No 'vpath' search paths.

# No general ('VPATH' variable) search path.

# strcache buffers: 1 (0) / strings = 31 / storage = 264 B / avg = 8 B
# current buf: size = 8162 B / used = 264 B / count = 31 / avg = 8 B

# strcache performance: lookups = 46 / hit rate = 32%
 
# hash-table stats:
# Load=31/8192=0%, Rehash=0, Collisions=1/46=2%
# Finished Make data base on Sat Jun 18 14:06:00 2022

 
